[debug] [2026-01-10T19:33:09.551Z] ----------------------------------------------------------------------
[debug] [2026-01-10T19:33:09.554Z] Command:       C:\Program Files\nodejs\node.exe C:\Users\User\AppData\Roaming\npm\node_modules\firebase-tools\lib\bin\firebase.js deploy --only hosting
[debug] [2026-01-10T19:33:09.554Z] CLI Version:   15.1.0
[debug] [2026-01-10T19:33:09.554Z] Platform:      win32
[debug] [2026-01-10T19:33:09.554Z] Node Version:  v24.12.0
[debug] [2026-01-10T19:33:09.554Z] Time:          Sat Jan 10 2026 23:33:09 GMT+0400 (Azərbaycan Standart Vaxtı)
[debug] [2026-01-10T19:33:09.555Z] ----------------------------------------------------------------------
[debug] 
[debug] [2026-01-10T19:33:12.736Z] > command requires scopes: ["email","openid","https://www.googleapis.com/auth/cloudplatformprojects.readonly","https://www.googleapis.com/auth/firebase","https://www.googleapis.com/auth/cloud-platform"]
[debug] [2026-01-10T19:33:12.736Z] > authorizing via signed-in user (azhunmmc@gmail.com)
[debug] [2026-01-10T19:33:12.736Z] [iam] checking project imtahansistemi-17659 for permissions ["firebase.projects.get","firebasehosting.sites.update"]
[debug] [2026-01-10T19:33:12.737Z] Checked if tokens are valid: true, expires at: 1768077184944
[debug] [2026-01-10T19:33:12.737Z] Checked if tokens are valid: true, expires at: 1768077184944
[debug] [2026-01-10T19:33:12.738Z] >>> [apiv2][query] POST https://cloudresourcemanager.googleapis.com/v1/projects/imtahansistemi-17659:testIamPermissions [none]
[debug] [2026-01-10T19:33:12.738Z] >>> [apiv2][(partial)header] POST https://cloudresourcemanager.googleapis.com/v1/projects/imtahansistemi-17659:testIamPermissions x-goog-quota-user=projects/imtahansistemi-17659
[debug] [2026-01-10T19:33:12.738Z] >>> [apiv2][body] POST https://cloudresourcemanager.googleapis.com/v1/projects/imtahansistemi-17659:testIamPermissions {"permissions":["firebase.projects.get","firebasehosting.sites.update"]}
[debug] [2026-01-10T19:33:13.920Z] <<< [apiv2][status] POST https://cloudresourcemanager.googleapis.com/v1/projects/imtahansistemi-17659:testIamPermissions 200
[debug] [2026-01-10T19:33:13.920Z] <<< [apiv2][body] POST https://cloudresourcemanager.googleapis.com/v1/projects/imtahansistemi-17659:testIamPermissions {}
[debug] [2026-01-10T19:33:13.920Z] [iam] error while checking permissions, command may fail: Authorization failed. This account is missing the following required permissions on project imtahansistemi-17659:

  firebase.projects.get
  firebasehosting.sites.update
[debug] [2026-01-10T19:33:13.920Z] Checked if tokens are valid: true, expires at: 1768077184944
[debug] [2026-01-10T19:33:13.920Z] Checked if tokens are valid: true, expires at: 1768077184944
[debug] [2026-01-10T19:33:13.921Z] >>> [apiv2][query] GET https://firebase.googleapis.com/v1beta1/projects/imtahansistemi-17659 [none]
[debug] [2026-01-10T19:33:14.449Z] <<< [apiv2][status] GET https://firebase.googleapis.com/v1beta1/projects/imtahansistemi-17659 403
[debug] [2026-01-10T19:33:14.449Z] <<< [apiv2][body] GET https://firebase.googleapis.com/v1beta1/projects/imtahansistemi-17659 {"error":{"code":403,"message":"The caller does not have permission","status":"PERMISSION_DENIED"}}
[debug] [2026-01-10T19:33:14.449Z] Request to https://firebase.googleapis.com/v1beta1/projects/imtahansistemi-17659 had HTTP Error: 403, The caller does not have permission
[debug] [2026-01-10T19:33:14.729Z] FirebaseError: Request to https://firebase.googleapis.com/v1beta1/projects/imtahansistemi-17659 had HTTP Error: 403, The caller does not have permission
    at responseToError (C:\Users\User\AppData\Roaming\npm\node_modules\firebase-tools\lib\responseToError.js:53:12)
    at RetryOperation._fn (C:\Users\User\AppData\Roaming\npm\node_modules\firebase-tools\lib\apiv2.js:322:77)
    at process.processTicksAndRejections (node:internal/process/task_queues:103:5)
[error] 
[error] Error: Failed to get Firebase project imtahansistemi-17659. Please make sure the project exists and your account has permission to access it.
